Using pre-set license
Built from '2020.3/staging' branch; Version is '2020.3.11f1 (99c7afb366b3) revision 10078127'; Using compiler version '192528614'; Build Type 'Release'
OS: 'Windows 10 Home; OS build 19042.1348; Version 2009; 64bit' Language: 'en' Physical Memory: 16320 MB
BatchMode: 1, IsHumanControllingUs: 0, StartBugReporterOnCrash: 0, Is64bit: 1, IsPro: 0

 COMMAND LINE ARGUMENTS:
C:\Program Files\Unity\Hub\Editor\2020.3.11f1\Editor\Unity.exe
-adb2
-batchMode
-noUpm
-name
AssetImportWorker0
-projectPath
C:/Users/samda/GitRepos/comp37111/ParticleSystem
-logFile
Logs/AssetImportWorker0.log
-srvPort
54632
Successfully changed project path to: C:/Users/samda/GitRepos/comp37111/ParticleSystem
C:/Users/samda/GitRepos/comp37111/ParticleSystem
Using Asset Import Pipeline V2.
Refreshing native plugins compatible for Editor in 26.17 ms, found 2 plugins.
Preloading 0 native plugins for Editor in 0.00 ms.
Initialize engine version: 2020.3.11f1 (99c7afb366b3)
[Subsystems] Discovering subsystems at path C:/Program Files/Unity/Hub/Editor/2020.3.11f1/Editor/Data/Resources/UnitySubsystems
[Subsystems] Discovering subsystems at path C:/Users/samda/GitRepos/comp37111/ParticleSystem/Assets
GfxDevice: creating device client; threaded=0
Direct3D:
    Version:  Direct3D 11.0 [level 11.1]
    Renderer: NVIDIA GeForce GTX 1080 Ti (ID=0x1b06)
    Vendor:   
    VRAM:     11127 MB
    Driver:   30.0.14.7111
Initialize mono
Mono path[0] = 'C:/Program Files/Unity/Hub/Editor/2020.3.11f1/Editor/Data/Managed'
Mono path[1] = 'C:/Program Files/Unity/Hub/Editor/2020.3.11f1/Editor/Data/MonoBleedingEdge/lib/mono/unityjit'
Mono config path = 'C:/Program Files/Unity/Hub/Editor/2020.3.11f1/Editor/Data/MonoBleedingEdge/etc'
Using monoOptions --debugger-agent=transport=dt_socket,embedding=1,server=y,suspend=n,address=127.0.0.1:56496
Begin MonoManager ReloadAssembly
Registering precompiled unity dll's ...
Register platform support module: C:/Program Files/Unity/Hub/Editor/2020.3.11f1/Editor/Data/PlaybackEngines/WebGLSupport/UnityEditor.WebGL.Extensions.dll
Register platform support module: C:/Program Files/Unity/Hub/Editor/2020.3.11f1/Editor/Data/PlaybackEngines/WindowsStandaloneSupport/UnityEditor.WindowsStandalone.Extensions.dll
Registered in 0.002082 seconds.
Native extension for WindowsStandalone target not found
Native extension for WebGL target not found
Refreshing native plugins compatible for Editor in 24.95 ms, found 2 plugins.
Preloading 0 native plugins for Editor in 0.00 ms.
Mono: successfully reloaded assembly
- Completed reload, in  0.953 seconds
Platform modules already initialized, skipping
Registering precompiled user dll's ...
Registered in 0.003289 seconds.
Begin MonoManager ReloadAssembly
Native extension for WindowsStandalone target not found
Native extension for WebGL target not found
Refreshing native plugins compatible for Editor in 0.35 ms, found 2 plugins.
Preloading 0 native plugins for Editor in 0.00 ms.
Mono: successfully reloaded assembly
- Completed reload, in  0.848 seconds
Platform modules already initialized, skipping
========================================================================
Worker process is ready to serve import requests
Launched and connected shader compiler UnityShaderCompiler.exe after 0.04 seconds
Refreshing native plugins compatible for Editor in 0.37 ms, found 2 plugins.
Preloading 0 native plugins for Editor in 0.00 ms.
Unloading 1386 Unused Serialized files (Serialized files now loaded: 0)
System memory in use before: 64.7 MB.
System memory in use after: 64.7 MB.

Unloading 19 unused Assets to reduce memory usage. Loaded Objects now: 1819.
Total: 1.733600 ms (FindLiveObjects: 0.153000 ms CreateObjectMapping: 0.030700 ms MarkObjects: 1.475800 ms  DeleteObjects: 0.072900 ms)

========================================================================
Received Import Request.
  path: Assets
  artifactKey: Guid(00000000000000001000000000000000) Importer(815301076,1909f56bfc062723c751e8b465ee728b)
Start importing Assets using Guid(00000000000000001000000000000000) Importer(815301076,1909f56bfc062723c751e8b465ee728b)  -> (artifact id: '42d402b061de3733987d63b9cc3b64de') in 0.008231 seconds
  Import took 0.010827 seconds .

========================================================================
Received Import Request.
  Time since last request: 9.956239 seconds.
  path: Assets/Scripts
  artifactKey: Guid(2c895e891bbecfb48a1f459c6386500e) Importer(815301076,1909f56bfc062723c751e8b465ee728b)
Start importing Assets/Scripts using Guid(2c895e891bbecfb48a1f459c6386500e) Importer(815301076,1909f56bfc062723c751e8b465ee728b)  -> (artifact id: '00af6921884f08a13e4e22d0b1b57eca') in 0.006606 seconds
  Import took 0.009052 seconds .

========================================================================
Received Import Request.
  Time since last request: 8.469522 seconds.
  path: Assets/Scenes
  artifactKey: Guid(d8e1fad348de49941b4874992c59f5fd) Importer(815301076,1909f56bfc062723c751e8b465ee728b)
Start importing Assets/Scenes using Guid(d8e1fad348de49941b4874992c59f5fd) Importer(815301076,1909f56bfc062723c751e8b465ee728b)  -> (artifact id: 'c584973105a75b2c5a6aced4d4f334c6') in 0.006895 seconds
  Import took 0.009221 seconds .

========================================================================
Received Import Request.
  Time since last request: 1.680729 seconds.
  path: Assets/Scenes/SampleScene.unity
  artifactKey: Guid(9fc0d4010bbf28b4594072e72b8655ab) Importer(815301076,1909f56bfc062723c751e8b465ee728b)
Start importing Assets/Scenes/SampleScene.unity using Guid(9fc0d4010bbf28b4594072e72b8655ab) Importer(815301076,1909f56bfc062723c751e8b465ee728b)  -> (artifact id: '85059f4f9e1a832ed95adaa0d25c5c4c') in 0.012214 seconds
  Import took 0.014592 seconds .

========================================================================
Received Import Request.
  Time since last request: 8.202261 seconds.
  path: Assets/Scenes/ParticleScene.unity
  artifactKey: Guid(9fc0d4010bbf28b4594072e72b8655ab) Importer(815301076,1909f56bfc062723c751e8b465ee728b)
Start importing Assets/Scenes/ParticleScene.unity using Guid(9fc0d4010bbf28b4594072e72b8655ab) Importer(815301076,1909f56bfc062723c751e8b465ee728b)  -> (artifact id: 'c6732024d04502bf5703aabaddacf319') in 0.006137 seconds
  Import took 0.008451 seconds .

========================================================================
Received Prepare
Registering precompiled user dll's ...
Registered in 0.003213 seconds.
Begin MonoManager ReloadAssembly
Native extension for WindowsStandalone target not found
Native extension for WebGL target not found
Refreshing native plugins compatible for Editor in 0.34 ms, found 2 plugins.
Preloading 0 native plugins for Editor in 0.00 ms.
Mono: successfully reloaded assembly
- Completed reload, in  0.783 seconds
Platform modules already initialized, skipping
Refreshing native plugins compatible for Editor in 0.35 ms, found 2 plugins.
Preloading 0 native plugins for Editor in 0.00 ms.
Unloading 1382 Unused Serialized files (Serialized files now loaded: 0)
System memory in use before: 64.6 MB.
System memory in use after: 64.7 MB.

Unloading 14 unused Assets to reduce memory usage. Loaded Objects now: 1823.
Total: 1.697200 ms (FindLiveObjects: 0.138800 ms CreateObjectMapping: 0.028800 ms MarkObjects: 1.471600 ms  DeleteObjects: 0.057100 ms)

========================================================================
Received Prepare
Registering precompiled user dll's ...
Registered in 0.003166 seconds.
Begin MonoManager ReloadAssembly
Native extension for WindowsStandalone target not found
Native extension for WebGL target not found
Refreshing native plugins compatible for Editor in 0.35 ms, found 2 plugins.
Preloading 0 native plugins for Editor in 0.00 ms.
Mono: successfully reloaded assembly
- Completed reload, in  0.778 seconds
Platform modules already initialized, skipping
Refreshing native plugins compatible for Editor in 0.34 ms, found 2 plugins.
Preloading 0 native plugins for Editor in 0.00 ms.
Unloading 1382 Unused Serialized files (Serialized files now loaded: 0)
System memory in use before: 64.7 MB.
System memory in use after: 64.7 MB.

Unloading 14 unused Assets to reduce memory usage. Loaded Objects now: 1826.
Total: 1.880900 ms (FindLiveObjects: 0.174700 ms CreateObjectMapping: 0.030400 ms MarkObjects: 1.612700 ms  DeleteObjects: 0.062200 ms)

========================================================================
Received Import Request.
  Time since last request: 37.598208 seconds.
  path: Assets/Scripts/ParticleSystem.cs
  artifactKey: Guid(6f749adc76fb54746b6f21bbcb881829) Importer(815301076,1909f56bfc062723c751e8b465ee728b)
Start importing Assets/Scripts/ParticleSystem.cs using Guid(6f749adc76fb54746b6f21bbcb881829) Importer(815301076,1909f56bfc062723c751e8b465ee728b)  -> (artifact id: 'f4a6883fe7200e5c6729aa1b278c4412') in 0.025916 seconds
  Import took 0.028451 seconds .

========================================================================
Received Import Request.
  Time since last request: 23.283585 seconds.
  path: Assets/Scripts/Particle.cs
  artifactKey: Guid(cfc72b4ef9edc0e4696bc4b8ba221b4b) Importer(815301076,1909f56bfc062723c751e8b465ee728b)
Start importing Assets/Scripts/Particle.cs using Guid(cfc72b4ef9edc0e4696bc4b8ba221b4b) Importer(815301076,1909f56bfc062723c751e8b465ee728b)  -> (artifact id: '23bdd16cb636e8767b21e05575d340e2') in 0.005755 seconds
  Import took 0.008230 seconds .

========================================================================
Received Import Request.
  Time since last request: 0.001068 seconds.
  path: Assets/Scripts/Particle.cs
  artifactKey: Guid(cfc72b4ef9edc0e4696bc4b8ba221b4b) Importer(815301076,1909f56bfc062723c751e8b465ee728b)
Start importing Assets/Scripts/Particle.cs using Guid(cfc72b4ef9edc0e4696bc4b8ba221b4b) Importer(815301076,1909f56bfc062723c751e8b465ee728b)  -> (artifact id: '23bdd16cb636e8767b21e05575d340e2') in 0.002388 seconds
  Import took 0.004836 seconds .

========================================================================
Received Prepare
Registering precompiled user dll's ...
Registered in 0.003180 seconds.
Begin MonoManager ReloadAssembly
Native extension for WindowsStandalone target not found
Native extension for WebGL target not found
Refreshing native plugins compatible for Editor in 0.33 ms, found 2 plugins.
Preloading 0 native plugins for Editor in 0.00 ms.
Mono: successfully reloaded assembly
- Completed reload, in  0.778 seconds
Platform modules already initialized, skipping
Refreshing native plugins compatible for Editor in 0.34 ms, found 2 plugins.
Preloading 0 native plugins for Editor in 0.00 ms.
Unloading 1383 Unused Serialized files (Serialized files now loaded: 0)
System memory in use before: 64.7 MB.
System memory in use after: 64.8 MB.

Unloading 14 unused Assets to reduce memory usage. Loaded Objects now: 1830.
Total: 1.649800 ms (FindLiveObjects: 0.139000 ms CreateObjectMapping: 0.029400 ms MarkObjects: 1.433100 ms  DeleteObjects: 0.047600 ms)

========================================================================
Received Import Request.
  Time since last request: 13.752910 seconds.
  path: Assets/Scripts/ParticleSystemComp.cs
  artifactKey: Guid(6f749adc76fb54746b6f21bbcb881829) Importer(815301076,1909f56bfc062723c751e8b465ee728b)
Start importing Assets/Scripts/ParticleSystemComp.cs using Guid(6f749adc76fb54746b6f21bbcb881829) Importer(815301076,1909f56bfc062723c751e8b465ee728b)  -> (artifact id: '7f44719c8646bb8f709d606465c2a0a7') in 0.007519 seconds
  Import took 0.009877 seconds .

========================================================================
Received Prepare
Registering precompiled user dll's ...
Registered in 0.003163 seconds.
Begin MonoManager ReloadAssembly
Native extension for WindowsStandalone target not found
Native extension for WebGL target not found
Refreshing native plugins compatible for Editor in 0.34 ms, found 2 plugins.
Preloading 0 native plugins for Editor in 0.00 ms.
Mono: successfully reloaded assembly
- Completed reload, in  0.787 seconds
Platform modules already initialized, skipping
Refreshing native plugins compatible for Editor in 0.33 ms, found 2 plugins.
Preloading 0 native plugins for Editor in 0.00 ms.
Unloading 1383 Unused Serialized files (Serialized files now loaded: 0)
System memory in use before: 64.7 MB.
System memory in use after: 64.8 MB.

Unloading 14 unused Assets to reduce memory usage. Loaded Objects now: 1833.
Total: 1.808400 ms (FindLiveObjects: 0.230400 ms CreateObjectMapping: 0.058600 ms MarkObjects: 1.465300 ms  DeleteObjects: 0.053000 ms)

========================================================================
Received Prepare
Registering precompiled user dll's ...
Registered in 0.003577 seconds.
Begin MonoManager ReloadAssembly
Native extension for WindowsStandalone target not found
Native extension for WebGL target not found
Refreshing native plugins compatible for Editor in 0.37 ms, found 2 plugins.
Preloading 0 native plugins for Editor in 0.00 ms.
Mono: successfully reloaded assembly
- Completed reload, in  1.023 seconds
Platform modules already initialized, skipping
Refreshing native plugins compatible for Editor in 0.39 ms, found 2 plugins.
Preloading 0 native plugins for Editor in 0.00 ms.
Unloading 1383 Unused Serialized files (Serialized files now loaded: 0)
System memory in use before: 64.7 MB.
System memory in use after: 64.8 MB.

Unloading 14 unused Assets to reduce memory usage. Loaded Objects now: 1836.
Total: 2.184200 ms (FindLiveObjects: 0.292500 ms CreateObjectMapping: 0.047600 ms MarkObjects: 1.781700 ms  DeleteObjects: 0.060600 ms)

========================================================================
Received Import Request.
  Time since last request: 47.962378 seconds.
  path: Assets/Scripts/ParticleSystemComp.cs
  artifactKey: Guid(6f749adc76fb54746b6f21bbcb881829) Importer(815301076,1909f56bfc062723c751e8b465ee728b)
Start importing Assets/Scripts/ParticleSystemComp.cs using Guid(6f749adc76fb54746b6f21bbcb881829) Importer(815301076,1909f56bfc062723c751e8b465ee728b)  -> (artifact id: 'f7b631371b0460eeb06252f78b130d9c') in 0.006135 seconds
  Import took 0.008528 seconds .

========================================================================
Received Import Request.
  Time since last request: 841.819042 seconds.
  path: Assets/Scripts/Particle.cs
  artifactKey: Guid(cfc72b4ef9edc0e4696bc4b8ba221b4b) Importer(815301076,1909f56bfc062723c751e8b465ee728b)
Start importing Assets/Scripts/Particle.cs using Guid(cfc72b4ef9edc0e4696bc4b8ba221b4b) Importer(815301076,1909f56bfc062723c751e8b465ee728b)  -> (artifact id: '563905f17548af09db78d40db2f5819a') in 0.002452 seconds
  Import took 0.004882 seconds .

========================================================================
Received Import Request.
  Time since last request: 9.918806 seconds.
  path: Assets/Scripts/Constants.cs
  artifactKey: Guid(55e021e33690d6f40aef054dd128926b) Importer(815301076,1909f56bfc062723c751e8b465ee728b)
Start importing Assets/Scripts/Constants.cs using Guid(55e021e33690d6f40aef054dd128926b) Importer(815301076,1909f56bfc062723c751e8b465ee728b)  -> (artifact id: 'a91593e032e4b41a15317f0d872ff562') in 0.006675 seconds
  Import took 0.009334 seconds .

========================================================================
Received Import Request.
  Time since last request: 64.363625 seconds.
  path: Assets/Scripts/Constants.cs
  artifactKey: Guid(55e021e33690d6f40aef054dd128926b) Importer(815301076,1909f56bfc062723c751e8b465ee728b)
Start importing Assets/Scripts/Constants.cs using Guid(55e021e33690d6f40aef054dd128926b) Importer(815301076,1909f56bfc062723c751e8b465ee728b)  -> (artifact id: 'a71aaf0486a106595264cdd792e27fb9') in 0.002705 seconds
  Import took 0.005146 seconds .

========================================================================
Received Prepare
Registering precompiled user dll's ...
Registered in 0.003262 seconds.
Begin MonoManager ReloadAssembly
Native extension for WindowsStandalone target not found
Native extension for WebGL target not found
Refreshing native plugins compatible for Editor in 0.34 ms, found 2 plugins.
Preloading 0 native plugins for Editor in 0.00 ms.
Mono: successfully reloaded assembly
- Completed reload, in  0.788 seconds
Platform modules already initialized, skipping
Refreshing native plugins compatible for Editor in 0.35 ms, found 2 plugins.
Preloading 0 native plugins for Editor in 0.00 ms.
Unloading 1384 Unused Serialized files (Serialized files now loaded: 0)
System memory in use before: 64.8 MB.
System memory in use after: 64.8 MB.

Unloading 14 unused Assets to reduce memory usage. Loaded Objects now: 1840.
Total: 1.990800 ms (FindLiveObjects: 0.158300 ms CreateObjectMapping: 0.030300 ms MarkObjects: 1.746500 ms  DeleteObjects: 0.054600 ms)

========================================================================
Received Import Request.
  Time since last request: 200.500998 seconds.
  path: Assets/Scripts/Constants.cs
  artifactKey: Guid(55e021e33690d6f40aef054dd128926b) Importer(815301076,1909f56bfc062723c751e8b465ee728b)
Start importing Assets/Scripts/Constants.cs using Guid(55e021e33690d6f40aef054dd128926b) Importer(815301076,1909f56bfc062723c751e8b465ee728b)  -> (artifact id: '7323d93c6f2fcd0f4f9b1f691b3668aa') in 0.004415 seconds
  Import took 0.006757 seconds .

========================================================================
Received Prepare
Registering precompiled user dll's ...
Registered in 0.003210 seconds.
Begin MonoManager ReloadAssembly
Native extension for WindowsStandalone target not found
Native extension for WebGL target not found
Refreshing native plugins compatible for Editor in 0.34 ms, found 2 plugins.
Preloading 0 native plugins for Editor in 0.00 ms.
Mono: successfully reloaded assembly
- Completed reload, in  0.796 seconds
Platform modules already initialized, skipping
Refreshing native plugins compatible for Editor in 0.34 ms, found 2 plugins.
Preloading 0 native plugins for Editor in 0.00 ms.
Unloading 1384 Unused Serialized files (Serialized files now loaded: 0)
System memory in use before: 64.8 MB.
System memory in use after: 64.8 MB.

Unloading 14 unused Assets to reduce memory usage. Loaded Objects now: 1843.
Total: 1.670200 ms (FindLiveObjects: 0.141200 ms CreateObjectMapping: 0.030700 ms MarkObjects: 1.447700 ms  DeleteObjects: 0.049700 ms)

========================================================================
Received Import Request.
  Time since last request: 943.333704 seconds.
  path: Assets/Scripts/ParticleSystemComp.cs
  artifactKey: Guid(6f749adc76fb54746b6f21bbcb881829) Importer(815301076,1909f56bfc062723c751e8b465ee728b)
Start importing Assets/Scripts/ParticleSystemComp.cs using Guid(6f749adc76fb54746b6f21bbcb881829) Importer(815301076,1909f56bfc062723c751e8b465ee728b)  -> (artifact id: '43ec1c89656c3754aa8a43d2ee33358e') in 0.007764 seconds
  Import took 0.009993 seconds .

========================================================================
Received Import Request.
  Time since last request: 0.003201 seconds.
  path: Assets/Scripts/ParticleSystemComp.cs
  artifactKey: Guid(6f749adc76fb54746b6f21bbcb881829) Importer(815301076,1909f56bfc062723c751e8b465ee728b)
Start importing Assets/Scripts/ParticleSystemComp.cs using Guid(6f749adc76fb54746b6f21bbcb881829) Importer(815301076,1909f56bfc062723c751e8b465ee728b)  -> (artifact id: '43ec1c89656c3754aa8a43d2ee33358e') in 0.002583 seconds
  Import took 0.004926 seconds .

========================================================================
Received Import Request.
  Time since last request: 0.507380 seconds.
  path: Assets/Scripts/Particle.cs
  artifactKey: Guid(cfc72b4ef9edc0e4696bc4b8ba221b4b) Importer(815301076,1909f56bfc062723c751e8b465ee728b)
Start importing Assets/Scripts/Particle.cs using Guid(cfc72b4ef9edc0e4696bc4b8ba221b4b) Importer(815301076,1909f56bfc062723c751e8b465ee728b)  -> (artifact id: '18aaebda06902c382f4165e907c9dd60') in 0.002623 seconds
  Import took 0.004790 seconds .

========================================================================
Received Import Request.
  Time since last request: 0.007953 seconds.
  path: Assets/Scripts/Particle.cs
  artifactKey: Guid(cfc72b4ef9edc0e4696bc4b8ba221b4b) Importer(815301076,1909f56bfc062723c751e8b465ee728b)
Start importing Assets/Scripts/Particle.cs using Guid(cfc72b4ef9edc0e4696bc4b8ba221b4b) Importer(815301076,1909f56bfc062723c751e8b465ee728b)  -> (artifact id: '18aaebda06902c382f4165e907c9dd60') in 0.002306 seconds
  Import took 0.004478 seconds .

========================================================================
Received Prepare
Registering precompiled user dll's ...
Registered in 0.003351 seconds.
Begin MonoManager ReloadAssembly
Native extension for WindowsStandalone target not found
Native extension for WebGL target not found
Refreshing native plugins compatible for Editor in 0.34 ms, found 2 plugins.
Preloading 0 native plugins for Editor in 0.00 ms.
Mono: successfully reloaded assembly
- Completed reload, in  0.805 seconds
Platform modules already initialized, skipping
Refreshing native plugins compatible for Editor in 0.33 ms, found 2 plugins.
Preloading 0 native plugins for Editor in 0.00 ms.
Unloading 1384 Unused Serialized files (Serialized files now loaded: 0)
System memory in use before: 64.8 MB.
System memory in use after: 64.8 MB.

Unloading 14 unused Assets to reduce memory usage. Loaded Objects now: 1846.
Total: 1.848700 ms (FindLiveObjects: 0.157400 ms CreateObjectMapping: 0.030300 ms MarkObjects: 1.608600 ms  DeleteObjects: 0.051200 ms)

========================================================================
Received Prepare
Registering precompiled user dll's ...
Registered in 0.003201 seconds.
Begin MonoManager ReloadAssembly
Native extension for WindowsStandalone target not found
Native extension for WebGL target not found
Refreshing native plugins compatible for Editor in 0.34 ms, found 2 plugins.
Preloading 0 native plugins for Editor in 0.00 ms.
Mono: successfully reloaded assembly
- Completed reload, in  0.781 seconds
Platform modules already initialized, skipping
Refreshing native plugins compatible for Editor in 0.34 ms, found 2 plugins.
Preloading 0 native plugins for Editor in 0.00 ms.
Unloading 1384 Unused Serialized files (Serialized files now loaded: 0)
System memory in use before: 64.8 MB.
System memory in use after: 64.9 MB.

Unloading 14 unused Assets to reduce memory usage. Loaded Objects now: 1849.
Total: 1.978400 ms (FindLiveObjects: 0.194300 ms CreateObjectMapping: 0.039700 ms MarkObjects: 1.572800 ms  DeleteObjects: 0.170900 ms)

AssetImportWorkerClient::OnTransportError - code=2 error=End of file
